<?xml version="1.0" encoding="UTF-8"?>
<!-- Generated by org.testng.reporters.JUnitReportReporter -->
<testsuite skipped="0" hostname="DESKTOP-UNML75P" name="com.qa.rest.tests.SoapUITests" tests="1" failures="0" timestamp="2021-03-12T17:03:21 IST" time="9.028" errors="0">
  <testcase name="test_AddNumbers" time="9.028" classname="com.qa.rest.tests.SoapUITests"/>
  <system-out/>
</testsuite> <!-- com.qa.rest.tests.SoapUITests -->
