<?xml version="1.0" encoding="UTF-8"?>
<!-- Generated by org.testng.reporters.JUnitReportReporter -->
<testsuite skipped="0" hostname="DESKTOP-UNML75P" name="com.qa.rest.tests.GetCallBDD" tests="6" failures="0" timestamp="2021-03-16T08:52:21 IST" time="17.045" errors="0">
  <testcase name="test_updateUser" time="1.927" classname="com.qa.rest.tests.GetCallBDD"/>
  <system-out/>
  <testcase name="deleteUser" time="5.012" classname="com.qa.rest.tests.GetCallBDD"/>
  <system-out/>
  <testcase name="test_CreateUser" time="3.085" classname="com.qa.rest.tests.GetCallBDD"/>
  <system-out/>
  <testcase name="test_listUsersTest" time="0.988" classname="com.qa.rest.tests.GetCallBDD"/>
  <system-out/>
  <testcase name="test_NumberOfCircuitsFor2017_Season" time="5.547" classname="com.qa.rest.tests.GetCallBDD"/>
  <system-out/>
  <testcase name="test_listUsers" time="0.486" classname="com.qa.rest.tests.GetCallBDD"/>
  <system-out/>
</testsuite> <!-- com.qa.rest.tests.GetCallBDD -->
